<?xml version="1.0" encoding="UTF-8"?>
<testng-results ignored="0" total="1" passed="1" failed="0" skipped="0">
  <reporter-output>
  </reporter-output>
  <suite started-at="2026-01-30T17:13:08 IST" name="Default suite" finished-at="2026-01-30T17:13:17 IST" duration-ms="8591">
    <groups>
    </groups>
    <test started-at="2026-01-30T17:13:08 IST" name="Default test" finished-at="2026-01-30T17:13:17 IST" duration-ms="8591">
      <class name="practiceTestNG.Basics">
        <test-method is-config="true" signature="setUp()[pri:0, instance:practiceTestNG.Basics@5542c4ed]" started-at="2026-01-30T17:13:08 IST" name="setUp" finished-at="2026-01-30T17:13:14 IST" duration-ms="5800" status="PASS">
          <reporter-output>
          </reporter-output>
        </test-method> <!-- setUp -->
        <test-method signature="ValidLogin()[pri:0, instance:practiceTestNG.Basics@5542c4ed]" started-at="2026-01-30T17:13:14 IST" name="ValidLogin" finished-at="2026-01-30T17:13:16 IST" duration-ms="2358" status="PASS">
          <reporter-output>
          </reporter-output>
        </test-method> <!-- ValidLogin -->
        <test-method is-config="true" signature="tearDown()[pri:0, instance:practiceTestNG.Basics@5542c4ed]" started-at="2026-01-30T17:13:16 IST" name="tearDown" finished-at="2026-01-30T17:13:17 IST" duration-ms="386" status="PASS">
          <reporter-output>
          </reporter-output>
        </test-method> <!-- tearDown -->
      </class> <!-- practiceTestNG.Basics -->
    </test> <!-- Default test -->
  </suite> <!-- Default suite -->
</testng-results>
